
ROM used: 3214 (10%)
          3214 (10%) including unused fragments

          6 Average locations per line
          35 Average locations per statement

RAM used: 29 (2%) at main() level
          54 (4%) worst case

Stack used: 5 worst case (out of 31 total available)

Lines Stmts  %   Files
----- ----- ---  -----
   66    28  31  adc_adi.c
  332     0   0  ..\..\..\..\PROGRA~2\PICC\devices\18f452.h
  180    63  69  ..\..\..\..\PROGRA~2\PICC\drivers\lcd.c
----- -----
  578    91 Total

Page ROM  %  RAM   Vol Diff  Functions:
---- --- --- ---   --- ----  ----------
0     40   1   1             @delay_ms1
0     20   0   0             @const53
0     56   1   3   463  4.3  lcd_read_byte
0     24   0   1   134  2.2  lcd_send_nibble
0     54   1   3   317  4.3  lcd_send_byte
0     88   1   3   422  4.7  lcd_init
0     34   1   4   186  5.5  lcd_gotoxy
0     68   1   1   272  4.1  lcd_putc
0    678  11  24  1052  4.4  MAIN
0     54   1   2             @ITOF
0    242   4  11             @MULFF
0    346   5  14             @DIVFF
0    620  10  16             @ADDFF
0     64   1   5             @FTOSD
0    122   2  13             @DIV3232
0    446   7  13             @PRINTF_L32D_73FPFPFR
0    234   4   9             @PRINTF_LD_73
0     20   0   0             @const112

Program metrics:
    Functions               7
    Statements              91
    Comments                131
    Volume (V)              4186
    Difficilty (D)          28.4
    Effort to implement (E) 118699
    Time to implement (T)   1 hours, 50 minutes
    Est Delivered Bugs (B)  1
    Cyclomatic Complexity   7
    Maintainability (MI)    116

 Segment     Used  Free
-----------  ----  ----
00000-00002     4  0  
00004-07FFE  3210  29554  



