
ROM used: 146 (0%)
          146 (0%) including unused fragments

          0 Average locations per line
          13 Average locations per statement

RAM used: 13 (1%) at main() level
          13 (1%) worst case

Stack used: 1 worst case (out of 31 total available)

Lines Stmts  %   Files
----- ----- ---  -----
   33    11 100  dimer.c
  332     0   0  ..\..\..\..\PROGRA~2\PICC\devices\18f452.h
----- -----
  365    11 Total

Page ROM  %  RAM   Vol Diff  Functions:
---- --- --- ---   --- ----  ----------
0     40  14   1             @delay_ms1
0     38  13   1             @delay_us1
0     64  22   1   188  3.6  main

Program metrics:
    Functions               1
    Statements              11
    Comments                80
    Volume (V)              192
    Difficilty (D)          3.2
    Effort to implement (E) 615
    Time to implement (T)   1 minutes
    Est Delivered Bugs (B)  0
    Cyclomatic Complexity   1
    Maintainability (MI)    153

 Segment     Used  Free
-----------  ----  ----
00000-00002     4  0  
00004-07FFE   142  32622  



