
ROM used: 222 (1%)
          222 (1%) including unused fragments

          1 Average locations per line
          5 Average locations per statement

RAM used: 7 (0%) at main() level
          8 (1%) worst case

Stack used: 1 worst case (out of 31 total available)

Lines Stmts  %   Files
----- ----- ---  -----
   56    48 100  señales.c
  332     0   0  ..\..\..\..\Program Files (x86)\PICC\devices\18f452.h
----- -----
  388    48 Total

Page ROM  %  RAM   Vol Diff  Functions:
---- --- --- ---   --- ----  ----------
0     40   9   1             @delay_ms1
0    178  40   1  1012  5.3  main

Program metrics:
    Functions               1
    Statements              48
    Comments                80
    Volume (V)              1015
    Difficilty (D)          5.2
    Effort to implement (E) 5322
    Time to implement (T)   5 minutes
    Est Delivered Bugs (B)  0
    Cyclomatic Complexity   7
    Maintainability (MI)    119

 Segment     Used  Free
-----------  ----  ----
00000-00002     4  0  
00004-07FFE   218  32546  



