
ROM used: 2620 (8%)
          2620 (8%) including unused fragments

          5 Average locations per line
          33 Average locations per statement

RAM used: 12 (1%) at main() level
          41 (3%) worst case

Stack used: 5 worst case (out of 31 total available)

Lines Stmts  %   Files
----- ----- ---  -----
   43    17  21  temperature.c
  332     0   0  ..\..\..\..\Program Files (x86)\PICC\devices\18f452.h
  180    63  79  ..\..\..\..\Program Files (x86)\PICC\drivers\lcd.c
----- -----
  555    80 Total

Page ROM  %  RAM   Vol Diff  Functions:
---- --- --- ---   --- ----  ----------
0     40   1   1             @delay_ms1
0     20   0   0             @const53
0     56   1   3   463  4.3  lcd_read_byte
0     24   0   1   134  2.2  lcd_send_nibble
0     54   1   3   317  4.3  lcd_send_byte
0     88   2   3   422  4.7  lcd_init
0     34   1   4   186  5.5  lcd_gotoxy
0     68   1   1   272  4.1  lcd_putc
0    268   5   7   495  4.1  MAIN
0     56   1   2             @ITOF
0    348   7  14             @DIVFF
0     34   1   0             @const89
0     28   1   0             @const90
0    244   5  11             @MULFF
0    620  12  16             @ADDFF
0     64   1   5             @FTOSD
0    122   2  13             @DIV3232
0    448   9  13             @PRINTF_L32D_73FPFPFR

Program metrics:
    Functions               7
    Statements              80
    Comments                131
    Volume (V)              3480
    Difficilty (D)          27.6
    Effort to implement (E) 96216
    Time to implement (T)   1 hours, 29 minutes
    Est Delivered Bugs (B)  1
    Cyclomatic Complexity   7
    Maintainability (MI)    119

 Segment     Used  Free
-----------  ----  ----
00000-00002     4  0  
00004-07FFE  2616  30148  



